Using pre-set license
Built from '2020.3/release' branch; Version is '2020.3.2f1 (8fd9074bf66c) revision 9427207'; Using compiler version '192528614'; Build Type 'Release'
OS: 'Windows 10 Home; OS build 19044.2251; Version 2009; 64bit' Language: 'ru' Physical Memory: 7996 MB
BatchMode: 1, IsHumanControllingUs: 0, StartBugReporterOnCrash: 0, Is64bit: 1, IsPro: 0

 COMMAND LINE ARGUMENTS:
C:\Program Files\Unity\Hub\Editor\2020.3.2f1\Editor\Unity.exe
-adb2
-batchMode
-noUpm
-name
AssetImportWorker0
-projectPath
C:/GitHub/New-game/Unity Project
-logFile
Logs/AssetImportWorker0.log
-srvPort
50612
Successfully changed project path to: C:/GitHub/New-game/Unity Project
C:/GitHub/New-game/Unity Project
Using Asset Import Pipeline V2.
Refreshing native plugins compatible for Editor in 25.81 ms, found 0 plugins.
Preloading 0 native plugins for Editor in 0.00 ms.
Initialize engine version: 2020.3.2f1 (8fd9074bf66c)
[Subsystems] Discovering subsystems at path C:/Program Files/Unity/Hub/Editor/2020.3.2f1/Editor/Data/Resources/UnitySubsystems
[Subsystems] Discovering subsystems at path C:/GitHub/New-game/Unity Project/Assets
GfxDevice: creating device client; threaded=0
Direct3D:
    Version:  Direct3D 11.0 [level 11.1]
    Renderer: NVIDIA GeForce MX250 (ID=0x1d13)
    Vendor:   
    VRAM:     1983 MB
    Driver:   26.21.14.4223
Initialize mono
Mono path[0] = 'C:/Program Files/Unity/Hub/Editor/2020.3.2f1/Editor/Data/Managed'
Mono path[1] = 'C:/Program Files/Unity/Hub/Editor/2020.3.2f1/Editor/Data/MonoBleedingEdge/lib/mono/unityjit'
Mono config path = 'C:/Program Files/Unity/Hub/Editor/2020.3.2f1/Editor/Data/MonoBleedingEdge/etc'
Using monoOptions --debugger-agent=transport=dt_socket,embedding=1,server=y,suspend=n,address=127.0.0.1:56504
Begin MonoManager ReloadAssembly
Registering precompiled unity dll's ...
Register platform support module: C:/Program Files/Unity/Hub/Editor/2020.3.2f1/Editor/Data/PlaybackEngines/WebGLSupport/UnityEditor.WebGL.Extensions.dll
Register platform support module: C:/Program Files/Unity/Hub/Editor/2020.3.2f1/Editor/Data/PlaybackEngines/WindowsStandaloneSupport/UnityEditor.WindowsStandalone.Extensions.dll
Registered in 0.002683 seconds.
Native extension for WindowsStandalone target not found
Native extension for WebGL target not found
Refreshing native plugins compatible for Editor in 27.29 ms, found 0 plugins.
Preloading 0 native plugins for Editor in 0.00 ms.
Invoked RoslynAnalysisRunner static constructor.
RoslynAnalysisRunner will not be running.
RoslynAnalysisRunner has terminated.
Mono: successfully reloaded assembly
- Completed reload, in  1.659 seconds
Platform modules already initialized, skipping
Registering precompiled user dll's ...
Registered in 0.000842 seconds.
Begin MonoManager ReloadAssembly
Native extension for WindowsStandalone target not found
Native extension for WebGL target not found
Refreshing native plugins compatible for Editor in 0.28 ms, found 0 plugins.
Preloading 0 native plugins for Editor in 0.00 ms.
Invoked RoslynAnalysisRunner static constructor.
RoslynAnalysisRunner will not be running.
RoslynAnalysisRunner has terminated.
Mono: successfully reloaded assembly
- Completed reload, in  0.978 seconds
Platform modules already initialized, skipping
========================================================================
Worker process is ready to serve import requests
Launched and connected shader compiler UnityShaderCompiler.exe after 0.04 seconds
Refreshing native plugins compatible for Editor in 0.20 ms, found 0 plugins.
Preloading 0 native plugins for Editor in 0.00 ms.
Unloading 1115 Unused Serialized files (Serialized files now loaded: 0)
System memory in use before: 57.1 MB.
System memory in use after: 57.1 MB.

Unloading 10 unused Assets to reduce memory usage. Loaded Objects now: 1557.
Total: 1.926500 ms (FindLiveObjects: 0.236500 ms CreateObjectMapping: 0.076600 ms MarkObjects: 1.529200 ms  DeleteObjects: 0.082800 ms)

========================================================================
Received Import Request.
  path: Assets
  artifactKey: Guid(00000000000000001000000000000000) Importer(815301076,1909f56bfc062723c751e8b465ee728b)
Start importing Assets using Guid(00000000000000001000000000000000) Importer(815301076,1909f56bfc062723c751e8b465ee728b)  -> (artifact id: '819a33a9bd799f71faca6db75e8a216c') in 0.006519 seconds
  Import took 0.009078 seconds .

========================================================================
Received Import Request.
  Time since last request: 0.000390 seconds.
  path: Assets/Scenes
  artifactKey: Guid(b0636007c23fdd64b99e86fd93f3f368) Importer(815301076,1909f56bfc062723c751e8b465ee728b)
Start importing Assets/Scenes using Guid(b0636007c23fdd64b99e86fd93f3f368) Importer(815301076,1909f56bfc062723c751e8b465ee728b)  -> (artifact id: 'ed4bf4229bbe81e8d061bcbd277e2ed7') in 0.002867 seconds
  Import took 0.005141 seconds .

========================================================================
Received Import Request.
  Time since last request: 0.000251 seconds.
  path: Assets/Scenes/SampleScene.unity
  artifactKey: Guid(9fc0d4010bbf28b4594072e72b8655ab) Importer(815301076,1909f56bfc062723c751e8b465ee728b)
Start importing Assets/Scenes/SampleScene.unity using Guid(9fc0d4010bbf28b4594072e72b8655ab) Importer(815301076,1909f56bfc062723c751e8b465ee728b)  -> (artifact id: '75076e30b8b84ebf5e20060e44b32f1e') in 0.009081 seconds
  Import took 0.011531 seconds .

========================================================================
Received Import Request.
  Time since last request: 10.450076 seconds.
  path: Assets/Scenes/Objects
  artifactKey: Guid(2812e25f6c5bdf5448ed231b40c51105) Importer(815301076,1909f56bfc062723c751e8b465ee728b)
Start importing Assets/Scenes/Objects using Guid(2812e25f6c5bdf5448ed231b40c51105) Importer(815301076,1909f56bfc062723c751e8b465ee728b)  -> (artifact id: 'ffdd0f5c4ba9f270cca0e093157b5111') in 0.002887 seconds
  Import took 0.005496 seconds .

========================================================================
Received Import Request.
  Time since last request: 15.161522 seconds.
  path: Assets/Scenes/Scripts
  artifactKey: Guid(5c4bb74f62036b5409219c3900a8b0ac) Importer(815301076,1909f56bfc062723c751e8b465ee728b)
Start importing Assets/Scenes/Scripts using Guid(5c4bb74f62036b5409219c3900a8b0ac) Importer(815301076,1909f56bfc062723c751e8b465ee728b)  -> (artifact id: '446207d85cd3f3a9d188aa3704dfa7d5') in 0.002607 seconds
  Import took 0.004845 seconds .

========================================================================
Received Import Request.
  Time since last request: 423.198341 seconds.
  path: Assets/Scenes/Materials
  artifactKey: Guid(77f4cf43b6fd00742a44c4a20effc9b2) Importer(815301076,1909f56bfc062723c751e8b465ee728b)
Start importing Assets/Scenes/Materials using Guid(77f4cf43b6fd00742a44c4a20effc9b2) Importer(815301076,1909f56bfc062723c751e8b465ee728b)  -> (artifact id: '84ba832acf4cbc7d4fcb95a3fe11c297') in 0.003249 seconds
  Import took 0.005685 seconds .

========================================================================
Received Import Request.
  Time since last request: 68.300491 seconds.
  path: Assets/Scenes/Objects/Platform.prefab
  artifactKey: Guid(8a6e07eb85a7f4b489cabd1331398344) Importer(815301076,1909f56bfc062723c751e8b465ee728b)
Start importing Assets/Scenes/Objects/Platform.prefab using Guid(8a6e07eb85a7f4b489cabd1331398344) Importer(815301076,1909f56bfc062723c751e8b465ee728b)  -> (artifact id: 'cfb8e004888814a4b5ee14a082b5c4cc') in 0.116421 seconds
  Import took 0.118793 seconds .

========================================================================
Received Prepare
Registering precompiled user dll's ...
Registered in 0.001033 seconds.
Begin MonoManager ReloadAssembly
Native extension for WindowsStandalone target not found
Native extension for WebGL target not found
Refreshing native plugins compatible for Editor in 0.32 ms, found 0 plugins.
Preloading 0 native plugins for Editor in 0.00 ms.
Invoked RoslynAnalysisRunner static constructor.
RoslynAnalysisRunner will not be running.
RoslynAnalysisRunner has terminated.
Mono: successfully reloaded assembly
- Completed reload, in  0.891 seconds
Platform modules already initialized, skipping
Refreshing native plugins compatible for Editor in 0.20 ms, found 0 plugins.
Preloading 0 native plugins for Editor in 0.00 ms.
Unloading 1110 Unused Serialized files (Serialized files now loaded: 0)
System memory in use before: 60.2 MB.
System memory in use after: 60.2 MB.

Unloading 5 unused Assets to reduce memory usage. Loaded Objects now: 1568.
Total: 2.151000 ms (FindLiveObjects: 0.305600 ms CreateObjectMapping: 0.091500 ms MarkObjects: 1.699400 ms  DeleteObjects: 0.052700 ms)

========================================================================
Received Prepare
Registering precompiled user dll's ...
Registered in 0.000721 seconds.
Begin MonoManager ReloadAssembly
Native extension for WindowsStandalone target not found
Native extension for WebGL target not found
Refreshing native plugins compatible for Editor in 0.27 ms, found 0 plugins.
Preloading 0 native plugins for Editor in 0.00 ms.
Invoked RoslynAnalysisRunner static constructor.
RoslynAnalysisRunner will not be running.
RoslynAnalysisRunner has terminated.
Mono: successfully reloaded assembly
- Completed reload, in  1.016 seconds
Platform modules already initialized, skipping
Refreshing native plugins compatible for Editor in 0.22 ms, found 0 plugins.
Preloading 0 native plugins for Editor in 0.00 ms.
Unloading 1110 Unused Serialized files (Serialized files now loaded: 0)
System memory in use before: 60.2 MB.
System memory in use after: 60.3 MB.

Unloading 5 unused Assets to reduce memory usage. Loaded Objects now: 1571.
Total: 1.935100 ms (FindLiveObjects: 0.290700 ms CreateObjectMapping: 0.040400 ms MarkObjects: 1.534200 ms  DeleteObjects: 0.067900 ms)

========================================================================
Received Import Request.
  Time since last request: 1050.292159 seconds.
  path: Assets/Scenes/Preafbs
  artifactKey: Guid(2812e25f6c5bdf5448ed231b40c51105) Importer(815301076,1909f56bfc062723c751e8b465ee728b)
Start importing Assets/Scenes/Preafbs using Guid(2812e25f6c5bdf5448ed231b40c51105) Importer(815301076,1909f56bfc062723c751e8b465ee728b)  -> (artifact id: 'abd2fa00b05c18637de66a729d960ca0') in 0.006155 seconds
  Import took 0.008940 seconds .

========================================================================
Received Import Request.
  Time since last request: 4.251572 seconds.
  path: Assets/Scenes/Preafbs/Barrel.prefab
  artifactKey: Guid(750edf0b00c951b4aa5480aa1865921f) Importer(815301076,1909f56bfc062723c751e8b465ee728b)
Start importing Assets/Scenes/Preafbs/Barrel.prefab using Guid(750edf0b00c951b4aa5480aa1865921f) Importer(815301076,1909f56bfc062723c751e8b465ee728b)  -> (artifact id: '52132611810584a97d8982a2101232b4') in 0.063329 seconds
  Import took 0.065320 seconds .

========================================================================
Received Import Request.
  Time since last request: 2.887081 seconds.
  path: Assets/Scenes/Preafbs/Bomb.prefab
  artifactKey: Guid(890fe6b09721fde42a9c361181f778ea) Importer(815301076,1909f56bfc062723c751e8b465ee728b)
Start importing Assets/Scenes/Preafbs/Bomb.prefab using Guid(890fe6b09721fde42a9c361181f778ea) Importer(815301076,1909f56bfc062723c751e8b465ee728b)  -> (artifact id: '45c551473e5c7459cf8f599efb42f401') in 0.016840 seconds
  Import took 0.018747 seconds .

========================================================================
Received Import Request.
  Time since last request: 2.643896 seconds.
  path: Assets/Scenes/Preafbs/Sword.prefab
  artifactKey: Guid(2674d8ba15c6bb349b926686a219be9a) Importer(815301076,1909f56bfc062723c751e8b465ee728b)
Start importing Assets/Scenes/Preafbs/Sword.prefab using Guid(2674d8ba15c6bb349b926686a219be9a) Importer(815301076,1909f56bfc062723c751e8b465ee728b)  -> (artifact id: 'c661edaa0d5b447bea47a33e96b6da5c') in 0.009033 seconds
  Import took 0.011201 seconds .

========================================================================
Received Import Request.
  Time since last request: 100.005921 seconds.
  path: Assets/Scenes/Preafbs/Sphere.prefab
  artifactKey: Guid(003c9719cf0f86947a565299ef1723d6) Importer(815301076,1909f56bfc062723c751e8b465ee728b)
Start importing Assets/Scenes/Preafbs/Sphere.prefab using Guid(003c9719cf0f86947a565299ef1723d6) Importer(815301076,1909f56bfc062723c751e8b465ee728b)  -> (artifact id: '938830147a281baa82e46bb3d2faa494') in 0.017102 seconds
  Import took 0.019155 seconds .

========================================================================
Received Import Request.
  Time since last request: 31.570636 seconds.
  path: Assets/Scenes/Scripts/PlayerMovement.cs
  artifactKey: Guid(125c3e0807589204e9a5f6baa815678c) Importer(815301076,1909f56bfc062723c751e8b465ee728b)
Start importing Assets/Scenes/Scripts/PlayerMovement.cs using Guid(125c3e0807589204e9a5f6baa815678c) Importer(815301076,1909f56bfc062723c751e8b465ee728b)  -> (artifact id: 'cd8fcb626cb68abf88b25fd56a777010') in 0.014369 seconds
  Import took 0.016971 seconds .

========================================================================
Received Prepare
Registering precompiled user dll's ...
Registered in 0.001800 seconds.
Begin MonoManager ReloadAssembly
Native extension for WindowsStandalone target not found
Native extension for WebGL target not found
Refreshing native plugins compatible for Editor in 0.37 ms, found 0 plugins.
Preloading 0 native plugins for Editor in 0.00 ms.
Invoked RoslynAnalysisRunner static constructor.
RoslynAnalysisRunner will not be running.
RoslynAnalysisRunner has terminated.
Mono: successfully reloaded assembly
- Completed reload, in  1.243 seconds
Platform modules already initialized, skipping
Refreshing native plugins compatible for Editor in 0.24 ms, found 0 plugins.
Preloading 0 native plugins for Editor in 0.00 ms.
Unloading 1111 Unused Serialized files (Serialized files now loaded: 0)
System memory in use before: 60.3 MB.
System memory in use after: 60.4 MB.

Unloading 5 unused Assets to reduce memory usage. Loaded Objects now: 1578.
Total: 2.319300 ms (FindLiveObjects: 0.315800 ms CreateObjectMapping: 0.078700 ms MarkObjects: 1.834700 ms  DeleteObjects: 0.086400 ms)

========================================================================
Received Import Request.
  Time since last request: 373.837915 seconds.
  path: Assets/Scenes/Scripts/PlayerController.cs
  artifactKey: Guid(125c3e0807589204e9a5f6baa815678c) Importer(815301076,1909f56bfc062723c751e8b465ee728b)
Start importing Assets/Scenes/Scripts/PlayerController.cs using Guid(125c3e0807589204e9a5f6baa815678c) Importer(815301076,1909f56bfc062723c751e8b465ee728b)  -> (artifact id: '1c42d3dfe30b9cd3c3593a82fb1f821b') in 0.008076 seconds
  Import took 0.011160 seconds .

========================================================================
Received Prepare
Registering precompiled user dll's ...
Registered in 0.001343 seconds.
Begin MonoManager ReloadAssembly
Native extension for WindowsStandalone target not found
Native extension for WebGL target not found
Refreshing native plugins compatible for Editor in 0.34 ms, found 0 plugins.
Preloading 0 native plugins for Editor in 0.00 ms.
Invoked RoslynAnalysisRunner static constructor.
RoslynAnalysisRunner will not be running.
RoslynAnalysisRunner has terminated.
Mono: successfully reloaded assembly
- Completed reload, in  2.062 seconds
Platform modules already initialized, skipping
Script is not up to date after domain reload: guid(35ffcc59092229f4b8e5b0adc121d19d) path("Assets/Scenes/Scripts/PlayerMovement.cs") state(2)
Refreshing native plugins compatible for Editor in 0.25 ms, found 0 plugins.
Preloading 0 native plugins for Editor in 0.00 ms.
Unloading 1111 Unused Serialized files (Serialized files now loaded: 0)
System memory in use before: 60.3 MB.
System memory in use after: 60.4 MB.

Unloading 5 unused Assets to reduce memory usage. Loaded Objects now: 1581.
Total: 3.058000 ms (FindLiveObjects: 0.203800 ms CreateObjectMapping: 0.056200 ms MarkObjects: 2.706000 ms  DeleteObjects: 0.089500 ms)

========================================================================
Received Prepare
Registering precompiled user dll's ...
Registered in 0.000891 seconds.
Begin MonoManager ReloadAssembly
Native extension for WindowsStandalone target not found
Native extension for WebGL target not found
Refreshing native plugins compatible for Editor in 0.33 ms, found 0 plugins.
Preloading 0 native plugins for Editor in 0.00 ms.
Invoked RoslynAnalysisRunner static constructor.
RoslynAnalysisRunner will not be running.
RoslynAnalysisRunner has terminated.
Mono: successfully reloaded assembly
- Completed reload, in  1.426 seconds
Platform modules already initialized, skipping
Refreshing native plugins compatible for Editor in 0.32 ms, found 0 plugins.
Preloading 0 native plugins for Editor in 0.00 ms.
Unloading 1112 Unused Serialized files (Serialized files now loaded: 0)
System memory in use before: 60.3 MB.
System memory in use after: 60.4 MB.

Unloading 5 unused Assets to reduce memory usage. Loaded Objects now: 1585.
Total: 2.491900 ms (FindLiveObjects: 0.174500 ms CreateObjectMapping: 0.054400 ms MarkObjects: 2.193000 ms  DeleteObjects: 0.068300 ms)

========================================================================
Received Prepare
Registering precompiled user dll's ...
Registered in 0.000965 seconds.
Begin MonoManager ReloadAssembly
Native extension for WindowsStandalone target not found
Native extension for WebGL target not found
Refreshing native plugins compatible for Editor in 0.27 ms, found 0 plugins.
Preloading 0 native plugins for Editor in 0.00 ms.
Invoked RoslynAnalysisRunner static constructor.
RoslynAnalysisRunner will not be running.
RoslynAnalysisRunner has terminated.
Mono: successfully reloaded assembly
- Completed reload, in  1.156 seconds
Platform modules already initialized, skipping
Refreshing native plugins compatible for Editor in 0.21 ms, found 0 plugins.
Preloading 0 native plugins for Editor in 0.00 ms.
Unloading 1112 Unused Serialized files (Serialized files now loaded: 0)
System memory in use before: 60.4 MB.
System memory in use after: 60.4 MB.

Unloading 5 unused Assets to reduce memory usage. Loaded Objects now: 1588.
Total: 5.117900 ms (FindLiveObjects: 0.745200 ms CreateObjectMapping: 0.088200 ms MarkObjects: 4.033400 ms  DeleteObjects: 0.249400 ms)

========================================================================
Received Prepare
Registering precompiled user dll's ...
Registered in 0.000770 seconds.
Begin MonoManager ReloadAssembly
Native extension for WindowsStandalone target not found
Native extension for WebGL target not found
Refreshing native plugins compatible for Editor in 0.25 ms, found 0 plugins.
Preloading 0 native plugins for Editor in 0.00 ms.
Invoked RoslynAnalysisRunner static constructor.
RoslynAnalysisRunner will not be running.
RoslynAnalysisRunner has terminated.
Mono: successfully reloaded assembly
- Completed reload, in  0.881 seconds
Platform modules already initialized, skipping
Refreshing native plugins compatible for Editor in 0.20 ms, found 0 plugins.
Preloading 0 native plugins for Editor in 0.00 ms.
Unloading 1112 Unused Serialized files (Serialized files now loaded: 0)
System memory in use before: 60.4 MB.
System memory in use after: 60.5 MB.

Unloading 5 unused Assets to reduce memory usage. Loaded Objects now: 1591.
Total: 1.902500 ms (FindLiveObjects: 0.186300 ms CreateObjectMapping: 0.056900 ms MarkObjects: 1.564200 ms  DeleteObjects: 0.094100 ms)

========================================================================
Received Prepare
Registering precompiled user dll's ...
Registered in 0.001420 seconds.
Begin MonoManager ReloadAssembly
Native extension for WindowsStandalone target not found
Native extension for WebGL target not found
Refreshing native plugins compatible for Editor in 0.31 ms, found 0 plugins.
Preloading 0 native plugins for Editor in 0.00 ms.
Invoked RoslynAnalysisRunner static constructor.
RoslynAnalysisRunner will not be running.
RoslynAnalysisRunner has terminated.
Mono: successfully reloaded assembly
- Completed reload, in  1.038 seconds
Platform modules already initialized, skipping
Refreshing native plugins compatible for Editor in 0.28 ms, found 0 plugins.
Preloading 0 native plugins for Editor in 0.00 ms.
Unloading 1112 Unused Serialized files (Serialized files now loaded: 0)
System memory in use before: 60.4 MB.
System memory in use after: 60.5 MB.

Unloading 5 unused Assets to reduce memory usage. Loaded Objects now: 1594.
Total: 2.088000 ms (FindLiveObjects: 0.306600 ms CreateObjectMapping: 0.104100 ms MarkObjects: 1.615900 ms  DeleteObjects: 0.059900 ms)

========================================================================
Received Prepare
Registering precompiled user dll's ...
Registered in 0.000954 seconds.
Begin MonoManager ReloadAssembly
Native extension for WindowsStandalone target not found
Native extension for WebGL target not found
Refreshing native plugins compatible for Editor in 0.20 ms, found 0 plugins.
Preloading 0 native plugins for Editor in 0.00 ms.
Invoked RoslynAnalysisRunner static constructor.
RoslynAnalysisRunner will not be running.
RoslynAnalysisRunner has terminated.
Mono: successfully reloaded assembly
- Completed reload, in  0.870 seconds
Platform modules already initialized, skipping
Refreshing native plugins compatible for Editor in 0.21 ms, found 0 plugins.
Preloading 0 native plugins for Editor in 0.00 ms.
Unloading 1112 Unused Serialized files (Serialized files now loaded: 0)
System memory in use before: 60.4 MB.
System memory in use after: 60.5 MB.

Unloading 5 unused Assets to reduce memory usage. Loaded Objects now: 1597.
Total: 2.570600 ms (FindLiveObjects: 0.222100 ms CreateObjectMapping: 0.069000 ms MarkObjects: 2.207200 ms  DeleteObjects: 0.070500 ms)

========================================================================
Received Prepare
Registering precompiled user dll's ...
Registered in 0.000785 seconds.
Begin MonoManager ReloadAssembly
Native extension for WindowsStandalone target not found
Native extension for WebGL target not found
Refreshing native plugins compatible for Editor in 0.22 ms, found 0 plugins.
Preloading 0 native plugins for Editor in 0.00 ms.
Invoked RoslynAnalysisRunner static constructor.
RoslynAnalysisRunner will not be running.
RoslynAnalysisRunner has terminated.
Mono: successfully reloaded assembly
- Completed reload, in  1.051 seconds
Platform modules already initialized, skipping
Refreshing native plugins compatible for Editor in 0.30 ms, found 0 plugins.
Preloading 0 native plugins for Editor in 0.00 ms.
Unloading 1112 Unused Serialized files (Serialized files now loaded: 0)
System memory in use before: 60.4 MB.
System memory in use after: 60.5 MB.

Unloading 5 unused Assets to reduce memory usage. Loaded Objects now: 1600.
Total: 1.777800 ms (FindLiveObjects: 0.145300 ms CreateObjectMapping: 0.046100 ms MarkObjects: 1.524300 ms  DeleteObjects: 0.060700 ms)

========================================================================
Received Prepare
Registering precompiled user dll's ...
Registered in 0.001594 seconds.
Begin MonoManager ReloadAssembly
Native extension for WindowsStandalone target not found
Native extension for WebGL target not found
Refreshing native plugins compatible for Editor in 0.23 ms, found 0 plugins.
Preloading 0 native plugins for Editor in 0.00 ms.
Invoked RoslynAnalysisRunner static constructor.
RoslynAnalysisRunner will not be running.
RoslynAnalysisRunner has terminated.
Mono: successfully reloaded assembly
- Completed reload, in  0.878 seconds
Platform modules already initialized, skipping
Refreshing native plugins compatible for Editor in 0.21 ms, found 0 plugins.
Preloading 0 native plugins for Editor in 0.00 ms.
Unloading 1112 Unused Serialized files (Serialized files now loaded: 0)
System memory in use before: 60.4 MB.
System memory in use after: 60.5 MB.

Unloading 5 unused Assets to reduce memory usage. Loaded Objects now: 1603.
Total: 2.085400 ms (FindLiveObjects: 0.242100 ms CreateObjectMapping: 0.071700 ms MarkObjects: 1.715800 ms  DeleteObjects: 0.053500 ms)

========================================================================
Received Import Request.
  Time since last request: 924.442271 seconds.
  path: Assets/Scenes/Scripts/PlayerMovement.cs
  artifactKey: Guid(35ffcc59092229f4b8e5b0adc121d19d) Importer(815301076,1909f56bfc062723c751e8b465ee728b)
Start importing Assets/Scenes/Scripts/PlayerMovement.cs using Guid(35ffcc59092229f4b8e5b0adc121d19d) Importer(815301076,1909f56bfc062723c751e8b465ee728b)  -> (artifact id: 'c3763a6fc1b55dd420a525ff5772ef48') in 0.009246 seconds
  Import took 0.014035 seconds .

========================================================================
Received Prepare
Registering precompiled user dll's ...
Registered in 0.000909 seconds.
Begin MonoManager ReloadAssembly
Native extension for WindowsStandalone target not found
Native extension for WebGL target not found
Refreshing native plugins compatible for Editor in 0.20 ms, found 0 plugins.
Preloading 0 native plugins for Editor in 0.00 ms.
Invoked RoslynAnalysisRunner static constructor.
RoslynAnalysisRunner will not be running.
RoslynAnalysisRunner has terminated.
Mono: successfully reloaded assembly
- Completed reload, in  0.914 seconds
Platform modules already initialized, skipping
Refreshing native plugins compatible for Editor in 0.21 ms, found 0 plugins.
Preloading 0 native plugins for Editor in 0.00 ms.
Unloading 1111 Unused Serialized files (Serialized files now loaded: 0)
System memory in use before: 60.3 MB.
System memory in use after: 60.4 MB.

Unloading 6 unused Assets to reduce memory usage. Loaded Objects now: 1605.
Total: 1.779900 ms (FindLiveObjects: 0.182400 ms CreateObjectMapping: 0.045000 ms MarkObjects: 1.500600 ms  DeleteObjects: 0.050300 ms)

========================================================================
Received Import Request.
  Time since last request: 43.069921 seconds.
  path: Assets/Scenes/Scripts/PlayerMovement.cs
  artifactKey: Guid(35ffcc59092229f4b8e5b0adc121d19d) Importer(815301076,1909f56bfc062723c751e8b465ee728b)
Start importing Assets/Scenes/Scripts/PlayerMovement.cs using Guid(35ffcc59092229f4b8e5b0adc121d19d) Importer(815301076,1909f56bfc062723c751e8b465ee728b)  -> (artifact id: '18b1f1e6ff3da8538f70d4d4002369e2') in 0.005988 seconds
  Import took 0.009174 seconds .

========================================================================
Received Import Request.
  Time since last request: 16.123341 seconds.
  path: Assets/Scenes/Scripts/PlayerController.cs
  artifactKey: Guid(35ffcc59092229f4b8e5b0adc121d19d) Importer(815301076,1909f56bfc062723c751e8b465ee728b)
Start importing Assets/Scenes/Scripts/PlayerController.cs using Guid(35ffcc59092229f4b8e5b0adc121d19d) Importer(815301076,1909f56bfc062723c751e8b465ee728b)  -> (artifact id: '66c3e925c17c5f3f5c3c64c3cd101483') in 0.002976 seconds
  Import took 0.006011 seconds .

========================================================================
Received Prepare
Registering precompiled user dll's ...
Registered in 0.000748 seconds.
Begin MonoManager ReloadAssembly
Native extension for WindowsStandalone target not found
Native extension for WebGL target not found
Refreshing native plugins compatible for Editor in 0.25 ms, found 0 plugins.
Preloading 0 native plugins for Editor in 0.00 ms.
Invoked RoslynAnalysisRunner static constructor.
RoslynAnalysisRunner will not be running.
RoslynAnalysisRunner has terminated.
Mono: successfully reloaded assembly
- Completed reload, in  0.907 seconds
Platform modules already initialized, skipping
Refreshing native plugins compatible for Editor in 0.28 ms, found 0 plugins.
Preloading 0 native plugins for Editor in 0.00 ms.
Unloading 1111 Unused Serialized files (Serialized files now loaded: 0)
System memory in use before: 60.4 MB.
System memory in use after: 60.4 MB.

Unloading 5 unused Assets to reduce memory usage. Loaded Objects now: 1608.
Total: 1.818200 ms (FindLiveObjects: 0.218500 ms CreateObjectMapping: 0.048100 ms MarkObjects: 1.502400 ms  DeleteObjects: 0.047500 ms)

========================================================================
Received Prepare
Registering precompiled user dll's ...
Registered in 0.000818 seconds.
Begin MonoManager ReloadAssembly
Native extension for WindowsStandalone target not found
Native extension for WebGL target not found
Refreshing native plugins compatible for Editor in 0.20 ms, found 0 plugins.
Preloading 0 native plugins for Editor in 0.00 ms.
Invoked RoslynAnalysisRunner static constructor.
RoslynAnalysisRunner will not be running.
RoslynAnalysisRunner has terminated.
Mono: successfully reloaded assembly
- Completed reload, in  1.116 seconds
Platform modules already initialized, skipping
Refreshing native plugins compatible for Editor in 0.23 ms, found 0 plugins.
Preloading 0 native plugins for Editor in 0.00 ms.
Unloading 1112 Unused Serialized files (Serialized files now loaded: 0)
System memory in use before: 60.4 MB.
System memory in use after: 60.5 MB.

Unloading 5 unused Assets to reduce memory usage. Loaded Objects now: 1612.
Total: 1.851000 ms (FindLiveObjects: 0.176300 ms CreateObjectMapping: 0.045900 ms MarkObjects: 1.574400 ms  DeleteObjects: 0.052500 ms)

========================================================================
Received Import Request.
  Time since last request: 36.899252 seconds.
  path: Assets/Scenes/Scripts/SpawnManager.cs
  artifactKey: Guid(67e03822572a41c4a8e1753be681a81f) Importer(815301076,1909f56bfc062723c751e8b465ee728b)
Start importing Assets/Scenes/Scripts/SpawnManager.cs using Guid(67e03822572a41c4a8e1753be681a81f) Importer(815301076,1909f56bfc062723c751e8b465ee728b)  -> (artifact id: '8f8a75b49fffcd45a0b3ba2656a65d82') in 0.005009 seconds
  Import took 0.007714 seconds .

========================================================================
Received Prepare
Registering precompiled user dll's ...
Registered in 0.000770 seconds.
Begin MonoManager ReloadAssembly
Native extension for WindowsStandalone target not found
Native extension for WebGL target not found
Refreshing native plugins compatible for Editor in 0.33 ms, found 0 plugins.
Preloading 0 native plugins for Editor in 0.00 ms.
Invoked RoslynAnalysisRunner static constructor.
RoslynAnalysisRunner will not be running.
RoslynAnalysisRunner has terminated.
Mono: successfully reloaded assembly
- Completed reload, in  0.982 seconds
Platform modules already initialized, skipping
Refreshing native plugins compatible for Editor in 0.25 ms, found 0 plugins.
Preloading 0 native plugins for Editor in 0.00 ms.
Unloading 1112 Unused Serialized files (Serialized files now loaded: 0)
System memory in use before: 60.4 MB.
System memory in use after: 60.5 MB.

Unloading 5 unused Assets to reduce memory usage. Loaded Objects now: 1615.
Total: 2.507700 ms (FindLiveObjects: 0.165000 ms CreateObjectMapping: 0.043000 ms MarkObjects: 2.238500 ms  DeleteObjects: 0.059600 ms)

========================================================================
Received Import Request.
  Time since last request: 4.901302 seconds.
  path: Assets/Scenes/Preafbs/Sword.prefab
  artifactKey: Guid(2674d8ba15c6bb349b926686a219be9a) Importer(815301076,1909f56bfc062723c751e8b465ee728b)
Start importing Assets/Scenes/Preafbs/Sword.prefab using Guid(2674d8ba15c6bb349b926686a219be9a) Importer(815301076,1909f56bfc062723c751e8b465ee728b)  -> (artifact id: 'c8c8d3f3e29d7af233f4a5a5cc245956') in 0.082404 seconds
  Import took 0.084791 seconds .

========================================================================
Received Prepare
Registering precompiled user dll's ...
Registered in 0.000744 seconds.
Begin MonoManager ReloadAssembly
Native extension for WindowsStandalone target not found
Native extension for WebGL target not found
Refreshing native plugins compatible for Editor in 0.23 ms, found 0 plugins.
Preloading 0 native plugins for Editor in 0.00 ms.
Invoked RoslynAnalysisRunner static constructor.
RoslynAnalysisRunner will not be running.
RoslynAnalysisRunner has terminated.
Mono: successfully reloaded assembly
- Completed reload, in  1.040 seconds
Platform modules already initialized, skipping
Refreshing native plugins compatible for Editor in 0.20 ms, found 0 plugins.
Preloading 0 native plugins for Editor in 0.00 ms.
Unloading 1112 Unused Serialized files (Serialized files now loaded: 0)
System memory in use before: 60.4 MB.
System memory in use after: 60.5 MB.

Unloading 5 unused Assets to reduce memory usage. Loaded Objects now: 1619.
Total: 6.751800 ms (FindLiveObjects: 0.395900 ms CreateObjectMapping: 0.120900 ms MarkObjects: 5.675200 ms  DeleteObjects: 0.555200 ms)

========================================================================
Received Import Request.
  Time since last request: 1208.397765 seconds.
  path: Assets/Scenes/Preafbs/Potion.prefab
  artifactKey: Guid(003c9719cf0f86947a565299ef1723d6) Importer(815301076,1909f56bfc062723c751e8b465ee728b)
Start importing Assets/Scenes/Preafbs/Potion.prefab using Guid(003c9719cf0f86947a565299ef1723d6) Importer(815301076,1909f56bfc062723c751e8b465ee728b)  -> (artifact id: '184fa7d73e8e14851fd5663c28b60dc6') in 0.113948 seconds
  Import took 0.118111 seconds .

========================================================================
Received Prepare
Registering precompiled user dll's ...
Registered in 0.000796 seconds.
Begin MonoManager ReloadAssembly
Native extension for WindowsStandalone target not found
Native extension for WebGL target not found
Refreshing native plugins compatible for Editor in 0.31 ms, found 0 plugins.
Preloading 0 native plugins for Editor in 0.00 ms.
Invoked RoslynAnalysisRunner static constructor.
RoslynAnalysisRunner will not be running.
RoslynAnalysisRunner has terminated.
Mono: successfully reloaded assembly
- Completed reload, in  0.998 seconds
Platform modules already initialized, skipping
Refreshing native plugins compatible for Editor in 0.20 ms, found 0 plugins.
Preloading 0 native plugins for Editor in 0.00 ms.
Unloading 1112 Unused Serialized files (Serialized files now loaded: 0)
System memory in use before: 60.4 MB.
System memory in use after: 60.5 MB.

Unloading 5 unused Assets to reduce memory usage. Loaded Objects now: 1623.
Total: 1.756600 ms (FindLiveObjects: 0.180600 ms CreateObjectMapping: 0.039500 ms MarkObjects: 1.467100 ms  DeleteObjects: 0.068000 ms)

========================================================================
Received Import Request.
  Time since last request: 92.913462 seconds.
  path: Assets/Scenes/Preafbs/Sword.prefab
  artifactKey: Guid(2674d8ba15c6bb349b926686a219be9a) Importer(815301076,1909f56bfc062723c751e8b465ee728b)
Start importing Assets/Scenes/Preafbs/Sword.prefab using Guid(2674d8ba15c6bb349b926686a219be9a) Importer(815301076,1909f56bfc062723c751e8b465ee728b)  -> (artifact id: '5eafe58f3b565764f3b89254b22a46d0') in 0.066382 seconds
  Import took 0.068779 seconds .

========================================================================
Received Import Request.
  Time since last request: 2.390313 seconds.
  path: Assets/Scenes/Preafbs/Bomb.prefab
  artifactKey: Guid(890fe6b09721fde42a9c361181f778ea) Importer(815301076,1909f56bfc062723c751e8b465ee728b)
Start importing Assets/Scenes/Preafbs/Bomb.prefab using Guid(890fe6b09721fde42a9c361181f778ea) Importer(815301076,1909f56bfc062723c751e8b465ee728b)  -> (artifact id: 'dbc3144e113823df0b9881d871d4e3db') in 0.009751 seconds
  Import took 0.012204 seconds .

========================================================================
Received Import Request.
  Time since last request: 0.789916 seconds.
  path: Assets/Scenes/Preafbs/Barrel.prefab
  artifactKey: Guid(750edf0b00c951b4aa5480aa1865921f) Importer(815301076,1909f56bfc062723c751e8b465ee728b)
Start importing Assets/Scenes/Preafbs/Barrel.prefab using Guid(750edf0b00c951b4aa5480aa1865921f) Importer(815301076,1909f56bfc062723c751e8b465ee728b)  -> (artifact id: '4f9fe86cf322876c574f84bd24230cc8') in 0.011780 seconds
  Import took 0.014485 seconds .

========================================================================
Received Import Request.
  Time since last request: 52.064499 seconds.
  path: Assets/Scenes/Scripts/Barrel.cs
  artifactKey: Guid(0c4b318ab2144f842846e6f222248709) Importer(815301076,1909f56bfc062723c751e8b465ee728b)
Start importing Assets/Scenes/Scripts/Barrel.cs using Guid(0c4b318ab2144f842846e6f222248709) Importer(815301076,1909f56bfc062723c751e8b465ee728b)  -> (artifact id: '6e57d03d80a902bb0a1b457348c69aab') in 0.003523 seconds
  Import took 0.006424 seconds .

========================================================================
Received Prepare
Registering precompiled user dll's ...
Registered in 0.000868 seconds.
Begin MonoManager ReloadAssembly
Native extension for WindowsStandalone target not found
Native extension for WebGL target not found
Refreshing native plugins compatible for Editor in 0.24 ms, found 0 plugins.
Preloading 0 native plugins for Editor in 0.00 ms.
Invoked RoslynAnalysisRunner static constructor.
RoslynAnalysisRunner will not be running.
RoslynAnalysisRunner has terminated.
Mono: successfully reloaded assembly
- Completed reload, in  0.969 seconds
Platform modules already initialized, skipping
Refreshing native plugins compatible for Editor in 0.22 ms, found 0 plugins.
Preloading 0 native plugins for Editor in 0.00 ms.
Unloading 1113 Unused Serialized files (Serialized files now loaded: 0)
System memory in use before: 60.4 MB.
System memory in use after: 60.5 MB.

Unloading 5 unused Assets to reduce memory usage. Loaded Objects now: 1628.
Total: 1.789600 ms (FindLiveObjects: 0.156600 ms CreateObjectMapping: 0.039500 ms MarkObjects: 1.535000 ms  DeleteObjects: 0.057000 ms)

========================================================================
Received Import Request.
  Time since last request: 215.800176 seconds.
  path: Assets/Scenes/Scripts/DangerObjects.cs
  artifactKey: Guid(308fc8bf49fbfb5468b1f37b4b354284) Importer(815301076,1909f56bfc062723c751e8b465ee728b)
Start importing Assets/Scenes/Scripts/DangerObjects.cs using Guid(308fc8bf49fbfb5468b1f37b4b354284) Importer(815301076,1909f56bfc062723c751e8b465ee728b)  -> (artifact id: '8eb311a957d6cd71f54f51148c2bb4d8') in 0.006842 seconds
  Import took 0.009171 seconds .

========================================================================
Received Prepare
Registering precompiled user dll's ...
Registered in 0.000707 seconds.
Begin MonoManager ReloadAssembly
Native extension for WindowsStandalone target not found
Native extension for WebGL target not found
Refreshing native plugins compatible for Editor in 0.22 ms, found 0 plugins.
Preloading 0 native plugins for Editor in 0.00 ms.
Invoked RoslynAnalysisRunner static constructor.
RoslynAnalysisRunner will not be running.
RoslynAnalysisRunner has terminated.
Mono: successfully reloaded assembly
- Completed reload, in  0.964 seconds
Platform modules already initialized, skipping
Refreshing native plugins compatible for Editor in 0.19 ms, found 0 plugins.
Preloading 0 native plugins for Editor in 0.00 ms.
Unloading 1114 Unused Serialized files (Serialized files now loaded: 0)
System memory in use before: 60.5 MB.
System memory in use after: 60.5 MB.

Unloading 5 unused Assets to reduce memory usage. Loaded Objects now: 1632.
Total: 1.698500 ms (FindLiveObjects: 0.172000 ms CreateObjectMapping: 0.044700 ms MarkObjects: 1.425400 ms  DeleteObjects: 0.054900 ms)

========================================================================
Received Prepare
Registering precompiled user dll's ...
Registered in 0.000892 seconds.
Begin MonoManager ReloadAssembly
Native extension for WindowsStandalone target not found
Native extension for WebGL target not found
Refreshing native plugins compatible for Editor in 0.20 ms, found 0 plugins.
Preloading 0 native plugins for Editor in 0.00 ms.
Invoked RoslynAnalysisRunner static constructor.
RoslynAnalysisRunner will not be running.
RoslynAnalysisRunner has terminated.
Mono: successfully reloaded assembly
- Completed reload, in  1.063 seconds
Platform modules already initialized, skipping
Refreshing native plugins compatible for Editor in 0.19 ms, found 0 plugins.
Preloading 0 native plugins for Editor in 0.00 ms.
Unloading 1114 Unused Serialized files (Serialized files now loaded: 0)
System memory in use before: 60.5 MB.
System memory in use after: 60.6 MB.

Unloading 5 unused Assets to reduce memory usage. Loaded Objects now: 1635.
Total: 2.078700 ms (FindLiveObjects: 0.224700 ms CreateObjectMapping: 0.069700 ms MarkObjects: 1.732300 ms  DeleteObjects: 0.050300 ms)

========================================================================
Received Import Request.
  Time since last request: 204.632637 seconds.
  path: Assets/Scenes/Scripts/DangerObjects.cs
  artifactKey: Guid(308fc8bf49fbfb5468b1f37b4b354284) Importer(815301076,1909f56bfc062723c751e8b465ee728b)
Start importing Assets/Scenes/Scripts/DangerObjects.cs using Guid(308fc8bf49fbfb5468b1f37b4b354284) Importer(815301076,1909f56bfc062723c751e8b465ee728b)  -> (artifact id: '1bd395509491454777601e065361299b') in 0.004316 seconds
  Import took 0.006648 seconds .

========================================================================
Received Import Request.
  Time since last request: 9.158565 seconds.
  path: Assets/Scenes/Scripts/Barrel.cs
  artifactKey: Guid(0c4b318ab2144f842846e6f222248709) Importer(815301076,1909f56bfc062723c751e8b465ee728b)
Start importing Assets/Scenes/Scripts/Barrel.cs using Guid(0c4b318ab2144f842846e6f222248709) Importer(815301076,1909f56bfc062723c751e8b465ee728b)  -> (artifact id: 'ba774642fefc21fbc2ac4519dcf8c36b') in 0.002941 seconds
  Import took 0.005859 seconds .

========================================================================
Received Prepare
Registering precompiled user dll's ...
Registered in 0.000889 seconds.
Begin MonoManager ReloadAssembly
Native extension for WindowsStandalone target not found
Native extension for WebGL target not found
Refreshing native plugins compatible for Editor in 0.20 ms, found 0 plugins.
Preloading 0 native plugins for Editor in 0.00 ms.
Invoked RoslynAnalysisRunner static constructor.
RoslynAnalysisRunner will not be running.
RoslynAnalysisRunner has terminated.
Mono: successfully reloaded assembly
- Completed reload, in  0.884 seconds
Platform modules already initialized, skipping
Refreshing native plugins compatible for Editor in 0.21 ms, found 0 plugins.
Preloading 0 native plugins for Editor in 0.00 ms.
Unloading 1114 Unused Serialized files (Serialized files now loaded: 0)
System memory in use before: 60.5 MB.
System memory in use after: 60.6 MB.

Unloading 5 unused Assets to reduce memory usage. Loaded Objects now: 1638.
Total: 2.356000 ms (FindLiveObjects: 0.221100 ms CreateObjectMapping: 0.067100 ms MarkObjects: 1.995000 ms  DeleteObjects: 0.070300 ms)

========================================================================
Received Prepare
Registering precompiled user dll's ...
Registered in 0.000984 seconds.
Begin MonoManager ReloadAssembly
Native extension for WindowsStandalone target not found
Native extension for WebGL target not found
Refreshing native plugins compatible for Editor in 0.35 ms, found 0 plugins.
Preloading 0 native plugins for Editor in 0.00 ms.
Invoked RoslynAnalysisRunner static constructor.
RoslynAnalysisRunner will not be running.
RoslynAnalysisRunner has terminated.
Mono: successfully reloaded assembly
- Completed reload, in  0.870 seconds
Platform modules already initialized, skipping
Refreshing native plugins compatible for Editor in 0.31 ms, found 0 plugins.
Preloading 0 native plugins for Editor in 0.00 ms.
Unloading 1114 Unused Serialized files (Serialized files now loaded: 0)
System memory in use before: 60.5 MB.
System memory in use after: 60.6 MB.

Unloading 5 unused Assets to reduce memory usage. Loaded Objects now: 1641.
Total: 1.710200 ms (FindLiveObjects: 0.175300 ms CreateObjectMapping: 0.037200 ms MarkObjects: 1.428700 ms  DeleteObjects: 0.067400 ms)

========================================================================
Received Import Request.
  Time since last request: 87.200115 seconds.
  path: Assets/Scenes/Preafbs/Barrel.prefab
  artifactKey: Guid(750edf0b00c951b4aa5480aa1865921f) Importer(815301076,1909f56bfc062723c751e8b465ee728b)
Start importing Assets/Scenes/Preafbs/Barrel.prefab using Guid(750edf0b00c951b4aa5480aa1865921f) Importer(815301076,1909f56bfc062723c751e8b465ee728b)  -> (artifact id: '3c61b10dabac397c2b4723065b10a76e') in 0.066486 seconds
  Import took 0.069411 seconds .

========================================================================
Received Import Request.
  Time since last request: 3.287356 seconds.
  path: ProjectSettings/TagManager.asset
  artifactKey: Guid(00000000000000003000000000000000) Importer(815301076,1909f56bfc062723c751e8b465ee728b)
Start importing ProjectSettings/TagManager.asset using Guid(00000000000000003000000000000000) Importer(815301076,1909f56bfc062723c751e8b465ee728b)  -> (artifact id: '837c7e046774477854535a87ba86bfce') in 0.011931 seconds
  Import took 0.014891 seconds .

========================================================================
Received Import Request.
  Time since last request: 12.615360 seconds.
  path: Assets/Scenes/Preafbs/Barrel.prefab
  artifactKey: Guid(750edf0b00c951b4aa5480aa1865921f) Importer(815301076,1909f56bfc062723c751e8b465ee728b)
Start importing Assets/Scenes/Preafbs/Barrel.prefab using Guid(750edf0b00c951b4aa5480aa1865921f) Importer(815301076,1909f56bfc062723c751e8b465ee728b)  -> (artifact id: 'b37fb3096ccbed3af1ef638ddc6f6aab') in 0.009079 seconds
  Import took 0.012547 seconds .

========================================================================
Received Import Request.
  Time since last request: 1.715093 seconds.
  path: Assets/Scenes/Preafbs/Bomb.prefab
  artifactKey: Guid(890fe6b09721fde42a9c361181f778ea) Importer(815301076,1909f56bfc062723c751e8b465ee728b)
Start importing Assets/Scenes/Preafbs/Bomb.prefab using Guid(890fe6b09721fde42a9c361181f778ea) Importer(815301076,1909f56bfc062723c751e8b465ee728b)  -> (artifact id: 'f292778147c60cde93f64be4014fc73e') in 0.008613 seconds
  Import took 0.011232 seconds .

========================================================================
Received Import Request.
  Time since last request: 4.873522 seconds.
  path: Assets/Scenes/Preafbs/Bomb.prefab
  artifactKey: Guid(890fe6b09721fde42a9c361181f778ea) Importer(815301076,1909f56bfc062723c751e8b465ee728b)
Start importing Assets/Scenes/Preafbs/Bomb.prefab using Guid(890fe6b09721fde42a9c361181f778ea) Importer(815301076,1909f56bfc062723c751e8b465ee728b)  -> (artifact id: 'cf3427b935c405a059d54881deaf18ec') in 0.009795 seconds
  Import took 0.012870 seconds .

========================================================================
Received Import Request.
  Time since last request: 1.031929 seconds.
  path: Assets/Scenes/Preafbs/Sword.prefab
  artifactKey: Guid(2674d8ba15c6bb349b926686a219be9a) Importer(815301076,1909f56bfc062723c751e8b465ee728b)
Start importing Assets/Scenes/Preafbs/Sword.prefab using Guid(2674d8ba15c6bb349b926686a219be9a) Importer(815301076,1909f56bfc062723c751e8b465ee728b)  -> (artifact id: '27d6e189ea3853daa606670c0ed21688') in 0.008277 seconds
  Import took 0.010949 seconds .

========================================================================
Received Import Request.
  Time since last request: 1.884966 seconds.
  path: Assets/Scenes/Preafbs/Sword.prefab
  artifactKey: Guid(2674d8ba15c6bb349b926686a219be9a) Importer(815301076,1909f56bfc062723c751e8b465ee728b)
Start importing Assets/Scenes/Preafbs/Sword.prefab using Guid(2674d8ba15c6bb349b926686a219be9a) Importer(815301076,1909f56bfc062723c751e8b465ee728b)  -> (artifact id: '0d4a2fa8547172dec0a9796a1dfd7804') in 0.008477 seconds
  Import took 0.010890 seconds .

========================================================================
Received Prepare
Registering precompiled user dll's ...
Registered in 0.000762 seconds.
Begin MonoManager ReloadAssembly
Native extension for WindowsStandalone target not found
Native extension for WebGL target not found
Refreshing native plugins compatible for Editor in 0.20 ms, found 0 plugins.
Preloading 0 native plugins for Editor in 0.00 ms.
Invoked RoslynAnalysisRunner static constructor.
RoslynAnalysisRunner will not be running.
RoslynAnalysisRunner has terminated.
Mono: successfully reloaded assembly
- Completed reload, in  0.895 seconds
Platform modules already initialized, skipping
Refreshing native plugins compatible for Editor in 0.21 ms, found 0 plugins.
Preloading 0 native plugins for Editor in 0.00 ms.
Unloading 1114 Unused Serialized files (Serialized files now loaded: 0)
System memory in use before: 60.5 MB.
System memory in use after: 60.6 MB.

Unloading 6 unused Assets to reduce memory usage. Loaded Objects now: 1645.
Total: 1.615000 ms (FindLiveObjects: 0.147700 ms CreateObjectMapping: 0.043000 ms MarkObjects: 1.370800 ms  DeleteObjects: 0.052200 ms)

========================================================================
Received Prepare
Registering precompiled user dll's ...
Registered in 0.000707 seconds.
Begin MonoManager ReloadAssembly
Native extension for WindowsStandalone target not found
Native extension for WebGL target not found
Refreshing native plugins compatible for Editor in 0.20 ms, found 0 plugins.
Preloading 0 native plugins for Editor in 0.00 ms.
Invoked RoslynAnalysisRunner static constructor.
RoslynAnalysisRunner will not be running.
RoslynAnalysisRunner has terminated.
Mono: successfully reloaded assembly
- Completed reload, in  0.899 seconds
Platform modules already initialized, skipping
Refreshing native plugins compatible for Editor in 0.20 ms, found 0 plugins.
Preloading 0 native plugins for Editor in 0.00 ms.
Unloading 1114 Unused Serialized files (Serialized files now loaded: 0)
System memory in use before: 60.5 MB.
System memory in use after: 60.6 MB.

Unloading 5 unused Assets to reduce memory usage. Loaded Objects now: 1648.
Total: 2.063400 ms (FindLiveObjects: 0.267400 ms CreateObjectMapping: 0.066900 ms MarkObjects: 1.668400 ms  DeleteObjects: 0.058600 ms)

========================================================================
Received Prepare
Registering precompiled user dll's ...
Registered in 0.000794 seconds.
Begin MonoManager ReloadAssembly
Native extension for WindowsStandalone target not found
Native extension for WebGL target not found
Refreshing native plugins compatible for Editor in 0.25 ms, found 0 plugins.
Preloading 0 native plugins for Editor in 0.00 ms.
Invoked RoslynAnalysisRunner static constructor.
RoslynAnalysisRunner will not be running.
RoslynAnalysisRunner has terminated.
Mono: successfully reloaded assembly
- Completed reload, in  0.900 seconds
Platform modules already initialized, skipping
Refreshing native plugins compatible for Editor in 0.20 ms, found 0 plugins.
Preloading 0 native plugins for Editor in 0.00 ms.
Unloading 1114 Unused Serialized files (Serialized files now loaded: 0)
System memory in use before: 60.5 MB.
System memory in use after: 60.6 MB.

Unloading 5 unused Assets to reduce memory usage. Loaded Objects now: 1651.
Total: 1.982900 ms (FindLiveObjects: 0.257100 ms CreateObjectMapping: 0.094800 ms MarkObjects: 1.571000 ms  DeleteObjects: 0.057600 ms)

========================================================================
Received Prepare
Registering precompiled user dll's ...
Registered in 0.000706 seconds.
Begin MonoManager ReloadAssembly
Native extension for WindowsStandalone target not found
Native extension for WebGL target not found
Refreshing native plugins compatible for Editor in 0.24 ms, found 0 plugins.
Preloading 0 native plugins for Editor in 0.00 ms.
Invoked RoslynAnalysisRunner static constructor.
RoslynAnalysisRunner will not be running.
RoslynAnalysisRunner has terminated.
Mono: successfully reloaded assembly
- Completed reload, in  0.906 seconds
Platform modules already initialized, skipping
Refreshing native plugins compatible for Editor in 0.21 ms, found 0 plugins.
Preloading 0 native plugins for Editor in 0.00 ms.
Unloading 1114 Unused Serialized files (Serialized files now loaded: 0)
System memory in use before: 60.5 MB.
System memory in use after: 60.6 MB.

Unloading 5 unused Assets to reduce memory usage. Loaded Objects now: 1654.
Total: 1.880800 ms (FindLiveObjects: 0.164700 ms CreateObjectMapping: 0.057500 ms MarkObjects: 1.592800 ms  DeleteObjects: 0.063800 ms)

========================================================================
Received Prepare
Registering precompiled user dll's ...
Registered in 0.000722 seconds.
Begin MonoManager ReloadAssembly
Native extension for WindowsStandalone target not found
Native extension for WebGL target not found
Refreshing native plugins compatible for Editor in 0.24 ms, found 0 plugins.
Preloading 0 native plugins for Editor in 0.00 ms.
Invoked RoslynAnalysisRunner static constructor.
RoslynAnalysisRunner will not be running.
RoslynAnalysisRunner has terminated.
Mono: successfully reloaded assembly
- Completed reload, in  0.892 seconds
Platform modules already initialized, skipping
Refreshing native plugins compatible for Editor in 0.30 ms, found 0 plugins.
Preloading 0 native plugins for Editor in 0.00 ms.
Unloading 1114 Unused Serialized files (Serialized files now loaded: 0)
System memory in use before: 60.6 MB.
System memory in use after: 60.7 MB.

Unloading 5 unused Assets to reduce memory usage. Loaded Objects now: 1657.
Total: 1.876600 ms (FindLiveObjects: 0.242200 ms CreateObjectMapping: 0.087100 ms MarkObjects: 1.489300 ms  DeleteObjects: 0.056600 ms)

========================================================================
Received Import Request.
  Time since last request: 327.272252 seconds.
  path: Assets/Scenes/Preafbs/Barrel.prefab
  artifactKey: Guid(750edf0b00c951b4aa5480aa1865921f) Importer(815301076,1909f56bfc062723c751e8b465ee728b)
Start importing Assets/Scenes/Preafbs/Barrel.prefab using Guid(750edf0b00c951b4aa5480aa1865921f) Importer(815301076,1909f56bfc062723c751e8b465ee728b)  -> (artifact id: '418a1a46363dd187e1864564cc8d81d8') in 0.055490 seconds
  Import took 0.058026 seconds .

========================================================================
Received Import Request.
  Time since last request: 3.771951 seconds.
  path: Assets/Scenes/Preafbs/Sword.prefab
  artifactKey: Guid(2674d8ba15c6bb349b926686a219be9a) Importer(815301076,1909f56bfc062723c751e8b465ee728b)
Start importing Assets/Scenes/Preafbs/Sword.prefab using Guid(2674d8ba15c6bb349b926686a219be9a) Importer(815301076,1909f56bfc062723c751e8b465ee728b)  -> (artifact id: 'c43a7587d9cc3bba8e8c0b0dada95408') in 0.010350 seconds
  Import took 0.013332 seconds .

========================================================================
Received Import Request.
  Time since last request: 2.211906 seconds.
  path: Assets/Scenes/Preafbs/Bomb.prefab
  artifactKey: Guid(890fe6b09721fde42a9c361181f778ea) Importer(815301076,1909f56bfc062723c751e8b465ee728b)
Start importing Assets/Scenes/Preafbs/Bomb.prefab using Guid(890fe6b09721fde42a9c361181f778ea) Importer(815301076,1909f56bfc062723c751e8b465ee728b)  -> (artifact id: '633fb995252a0c6e98bf5ba4a34057a8') in 0.008607 seconds
  Import took 0.020054 seconds .

========================================================================
Received Import Request.
  Time since last request: 10.689052 seconds.
  path: Assets/Scenes/Preafbs/Potion.prefab
  artifactKey: Guid(003c9719cf0f86947a565299ef1723d6) Importer(815301076,1909f56bfc062723c751e8b465ee728b)
Start importing Assets/Scenes/Preafbs/Potion.prefab using Guid(003c9719cf0f86947a565299ef1723d6) Importer(815301076,1909f56bfc062723c751e8b465ee728b)  -> (artifact id: '688b06fd7349aaaeb0d60ef41a6dcd89') in 0.010074 seconds
  Import took 0.012792 seconds .

========================================================================
Received Prepare
Registering precompiled user dll's ...
Registered in 0.000775 seconds.
Begin MonoManager ReloadAssembly
Native extension for WindowsStandalone target not found
Native extension for WebGL target not found
Refreshing native plugins compatible for Editor in 0.26 ms, found 0 plugins.
Preloading 0 native plugins for Editor in 0.00 ms.
Invoked RoslynAnalysisRunner static constructor.
RoslynAnalysisRunner will not be running.
RoslynAnalysisRunner has terminated.
Mono: successfully reloaded assembly
- Completed reload, in  0.930 seconds
Platform modules already initialized, skipping
Refreshing native plugins compatible for Editor in 0.37 ms, found 0 plugins.
Preloading 0 native plugins for Editor in 0.00 ms.
Unloading 1114 Unused Serialized files (Serialized files now loaded: 0)
System memory in use before: 60.6 MB.
System memory in use after: 60.7 MB.

Unloading 5 unused Assets to reduce memory usage. Loaded Objects now: 1661.
Total: 1.646500 ms (FindLiveObjects: 0.144100 ms CreateObjectMapping: 0.036700 ms MarkObjects: 1.413400 ms  DeleteObjects: 0.051300 ms)

========================================================================
Received Prepare
Registering precompiled user dll's ...
Registered in 0.000725 seconds.
Begin MonoManager ReloadAssembly
Native extension for WindowsStandalone target not found
Native extension for WebGL target not found
Refreshing native plugins compatible for Editor in 0.23 ms, found 0 plugins.
Preloading 0 native plugins for Editor in 0.00 ms.
Invoked RoslynAnalysisRunner static constructor.
RoslynAnalysisRunner will not be running.
RoslynAnalysisRunner has terminated.
Mono: successfully reloaded assembly
- Completed reload, in  0.885 seconds
Platform modules already initialized, skipping
Refreshing native plugins compatible for Editor in 0.23 ms, found 0 plugins.
Preloading 0 native plugins for Editor in 0.00 ms.
Unloading 1114 Unused Serialized files (Serialized files now loaded: 0)
System memory in use before: 60.6 MB.
System memory in use after: 60.7 MB.

Unloading 5 unused Assets to reduce memory usage. Loaded Objects now: 1664.
Total: 1.756100 ms (FindLiveObjects: 0.151500 ms CreateObjectMapping: 0.039200 ms MarkObjects: 1.501400 ms  DeleteObjects: 0.062700 ms)

========================================================================
Received Prepare
Registering precompiled user dll's ...
Registered in 0.000748 seconds.
Begin MonoManager ReloadAssembly
Native extension for WindowsStandalone target not found
Native extension for WebGL target not found
Refreshing native plugins compatible for Editor in 0.22 ms, found 0 plugins.
Preloading 0 native plugins for Editor in 0.00 ms.
Invoked RoslynAnalysisRunner static constructor.
RoslynAnalysisRunner will not be running.
RoslynAnalysisRunner has terminated.
Mono: successfully reloaded assembly
- Completed reload, in  0.919 seconds
Platform modules already initialized, skipping
Refreshing native plugins compatible for Editor in 0.20 ms, found 0 plugins.
Preloading 0 native plugins for Editor in 0.00 ms.
Unloading 1114 Unused Serialized files (Serialized files now loaded: 0)
System memory in use before: 60.6 MB.
System memory in use after: 60.7 MB.

Unloading 5 unused Assets to reduce memory usage. Loaded Objects now: 1667.
Total: 1.681900 ms (FindLiveObjects: 0.163200 ms CreateObjectMapping: 0.037900 ms MarkObjects: 1.424000 ms  DeleteObjects: 0.055700 ms)

========================================================================
Received Prepare
Registering precompiled user dll's ...
Registered in 0.000919 seconds.
Begin MonoManager ReloadAssembly
Native extension for WindowsStandalone target not found
Native extension for WebGL target not found
Refreshing native plugins compatible for Editor in 0.22 ms, found 0 plugins.
Preloading 0 native plugins for Editor in 0.00 ms.
Invoked RoslynAnalysisRunner static constructor.
RoslynAnalysisRunner will not be running.
RoslynAnalysisRunner has terminated.
Mono: successfully reloaded assembly
- Completed reload, in  1.055 seconds
Platform modules already initialized, skipping
Refreshing native plugins compatible for Editor in 0.23 ms, found 0 plugins.
Preloading 0 native plugins for Editor in 0.00 ms.
Unloading 1114 Unused Serialized files (Serialized files now loaded: 0)
System memory in use before: 60.6 MB.
System memory in use after: 60.7 MB.

Unloading 5 unused Assets to reduce memory usage. Loaded Objects now: 1670.
Total: 1.864700 ms (FindLiveObjects: 0.256400 ms CreateObjectMapping: 0.069100 ms MarkObjects: 1.469400 ms  DeleteObjects: 0.068900 ms)

========================================================================
Received Prepare
Registering precompiled user dll's ...
Registered in 0.002765 seconds.
Begin MonoManager ReloadAssembly
Native extension for WindowsStandalone target not found
Native extension for WebGL target not found
Refreshing native plugins compatible for Editor in 0.40 ms, found 0 plugins.
Preloading 0 native plugins for Editor in 0.00 ms.
Invoked RoslynAnalysisRunner static constructor.
RoslynAnalysisRunner will not be running.
RoslynAnalysisRunner has terminated.
Mono: successfully reloaded assembly
- Completed reload, in  1.382 seconds
Platform modules already initialized, skipping
Refreshing native plugins compatible for Editor in 0.32 ms, found 0 plugins.
Preloading 0 native plugins for Editor in 0.00 ms.
Unloading 1114 Unused Serialized files (Serialized files now loaded: 0)
System memory in use before: 60.6 MB.
System memory in use after: 60.7 MB.

Unloading 5 unused Assets to reduce memory usage. Loaded Objects now: 1673.
Total: 2.519300 ms (FindLiveObjects: 0.197100 ms CreateObjectMapping: 0.053500 ms MarkObjects: 2.169600 ms  DeleteObjects: 0.097700 ms)

========================================================================
Received Prepare
Registering precompiled user dll's ...
Registered in 0.002407 seconds.
Begin MonoManager ReloadAssembly
Native extension for WindowsStandalone target not found
Native extension for WebGL target not found
Refreshing native plugins compatible for Editor in 0.48 ms, found 0 plugins.
Preloading 0 native plugins for Editor in 0.00 ms.
Invoked RoslynAnalysisRunner static constructor.
RoslynAnalysisRunner will not be running.
RoslynAnalysisRunner has terminated.
Mono: successfully reloaded assembly
- Completed reload, in  3.556 seconds
Platform modules already initialized, skipping
Refreshing native plugins compatible for Editor in 0.40 ms, found 0 plugins.
Preloading 0 native plugins for Editor in 0.00 ms.
Unloading 1114 Unused Serialized files (Serialized files now loaded: 0)
System memory in use before: 60.6 MB.
System memory in use after: 60.7 MB.

Unloading 5 unused Assets to reduce memory usage. Loaded Objects now: 1676.
Total: 2.857800 ms (FindLiveObjects: 0.232700 ms CreateObjectMapping: 0.074400 ms MarkObjects: 2.243900 ms  DeleteObjects: 0.304500 ms)

